# JRE version: OpenJDK Runtime Environment (11.0.13) (build 11.0.13+0-b1751.21-8125866)
# Java VM: OpenJDK 64-Bit Server VM (11.0.13+0-b1751.21-8125866, mixed mode, tiered, compressed oops, g1 gc, bsd-amd64)
Heap:
 garbage-first heap   total 227328K, used 134011K [0x0000000780000000, 0x0000000800000000)
  region size 1024K, 23 young (23552K), 1 survivors (1024K)
 Metaspace       used 130718K, capacity 136028K, committed 136308K, reserved 1167360K
  class space    used 16187K, capacity 18107K, committed 18176K, reserved 1048576K
GC Heap History (20 events):
Event: 10417.073 GC heap before
{Heap before GC invocations=137 (full 0):
 garbage-first heap   total 227328K, used 186020K [0x0000000780000000, 0x0000000800000000)
  region size 1024K, 56 young (57344K), 7 survivors (7168K)
 Metaspace       used 130256K, capacity 135557K, committed 135796K, reserved 1167360K
  class space    used 16162K, capacity 18061K, committed 18176K, reserved 1048576K
}
Event: 10417.117 GC heap after
{Heap after GC invocations=138 (full 0):
 garbage-first heap   total 227328K, used 118855K [0x0000000780000000, 0x0000000800000000)
  region size 1024K, 2 young (2048K), 2 survivors (2048K)
 Metaspace       used 130256K, capacity 135557K, committed 135796K, reserved 1167360K
  class space    used 16162K, capacity 18061K, committed 18176K, reserved 1048576K
}
Event: 10421.905 GC heap before
{Heap before GC invocations=139 (full 0):
 garbage-first heap   total 227328K, used 170055K [0x0000000780000000, 0x0000000800000000)
  region size 1024K, 53 young (54272K), 2 survivors (2048K)
 Metaspace       used 130309K, capacity 135605K, committed 135796K, reserved 1167360K
  class space    used 16168K, capacity 18073K, committed 18176K, reserved 1048576K
}
Event: 10421.916 GC heap after
{Heap after GC invocations=140 (full 0):
 garbage-first heap   total 227328K, used 121459K [0x0000000780000000, 0x0000000800000000)
  region size 1024K, 5 young (5120K), 5 survivors (5120K)
 Metaspace       used 130309K, capacity 135605K, committed 135796K, reserved 1167360K
  class space    used 16168K, capacity 18073K, committed 18176K, reserved 1048576K
}
Event: 10432.336 GC heap before
{Heap before GC invocations=140 (full 0):
 garbage-first heap   total 227328K, used 126579K [0x0000000780000000, 0x0000000800000000)
  region size 1024K, 11 young (11264K), 5 survivors (5120K)
 Metaspace       used 130312K, capacity 135605K, committed 135796K, reserved 1167360K
  class space    used 16168K, capacity 18073K, committed 18176K, reserved 1048576K
}
Event: 10432.426 GC heap after
{Heap after GC invocations=141 (full 0):
 garbage-first heap   total 227328K, used 115189K [0x0000000780000000, 0x0000000800000000)
  region size 1024K, 1 young (1024K), 1 survivors (1024K)
 Metaspace       used 130312K, capacity 135605K, committed 135796K, reserved 1167360K
  class space    used 16168K, capacity 18073K, committed 18176K, reserved 1048576K
}
Event: 10432.642 GC heap before
{Heap before GC invocations=141 (full 0):
 garbage-first heap   total 227328K, used 132597K [0x0000000780000000, 0x0000000800000000)
  region size 1024K, 19 young (19456K), 1 survivors (1024K)
 Metaspace       used 130365K, capacity 135675K, committed 135796K, reserved 1167360K
  class space    used 16178K, capacity 18091K, committed 18176K, reserved 1048576K
}
Event: 10432.664 GC heap after
{Heap after GC invocations=142 (full 0):
 garbage-first heap   total 227328K, used 115035K [0x0000000780000000, 0x0000000800000000)
  region size 1024K, 1 young (1024K), 1 survivors (1024K)
 Metaspace       used 130365K, capacity 135675K, committed 135796K, reserved 1167360K
  class space    used 16178K, capacity 18091K, committed 18176K, reserved 1048576K
}
Event: 10434.278 GC heap before
{Heap before GC invocations=143 (full 0):
 garbage-first heap   total 227328K, used 175451K [0x0000000780000000, 0x0000000800000000)
  region size 1024K, 58 young (59392K), 1 survivors (1024K)
 Metaspace       used 130511K, capacity 135811K, committed 136052K, reserved 1167360K
  class space    used 16177K, capacity 18089K, committed 18176K, reserved 1048576K
}
Event: 10434.326 GC heap after
{Heap after GC invocations=144 (full 0):
 garbage-first heap   total 227328K, used 121104K [0x0000000780000000, 0x0000000800000000)
  region size 1024K, 6 young (6144K), 6 survivors (6144K)
 Metaspace       used 130511K, capacity 135811K, committed 136052K, reserved 1167360K
  class space    used 16177K, capacity 18089K, committed 18176K, reserved 1048576K
}
Event: 10434.542 GC heap before
{Heap before GC invocations=144 (full 0):
 garbage-first heap   total 227328K, used 125200K [0x0000000780000000, 0x0000000800000000)
  region size 1024K, 11 young (11264K), 6 survivors (6144K)
 Metaspace       used 130522K, capacity 135811K, committed 136052K, reserved 1167360K
  class space    used 16177K, capacity 18089K, committed 18176K, reserved 1048576K
}
Event: 10434.580 GC heap after
{Heap after GC invocations=145 (full 0):
 garbage-first heap   total 227328K, used 106740K [0x0000000780000000, 0x0000000800000000)
  region size 1024K, 2 young (2048K), 2 survivors (2048K)
 Metaspace       used 130522K, capacity 135811K, committed 136052K, reserved 1167360K
  class space    used 16177K, capacity 18089K, committed 18176K, reserved 1048576K
}
Event: 10434.795 GC heap before
{Heap before GC invocations=145 (full 0):
 garbage-first heap   total 227328K, used 126196K [0x0000000780000000, 0x0000000800000000)
  region size 1024K, 23 young (23552K), 2 survivors (2048K)
 Metaspace       used 130585K, capacity 135896K, committed 136052K, reserved 1167360K
  class space    used 16177K, capacity 18089K, committed 18176K, reserved 1048576K
}
Event: 10434.839 GC heap after
{Heap after GC invocations=146 (full 0):
 garbage-first heap   total 227328K, used 110900K [0x0000000780000000, 0x0000000800000000)
  region size 1024K, 7 young (7168K), 7 survivors (7168K)
 Metaspace       used 130585K, capacity 135896K, committed 136052K, reserved 1167360K
  class space    used 16177K, capacity 18089K, committed 18176K, reserved 1048576K
}
Event: 10738.882 GC heap before
{Heap before GC invocations=147 (full 0):
 garbage-first heap   total 227328K, used 191796K [0x0000000780000000, 0x0000000800000000)
  region size 1024K, 68 young (69632K), 7 survivors (7168K)
 Metaspace       used 130717K, capacity 136028K, committed 136308K, reserved 1167360K
  class space    used 16187K, capacity 18107K, committed 18176K, reserved 1048576K
}
Event: 10738.935 GC heap after
{Heap after GC invocations=148 (full 0):
 garbage-first heap   total 227328K, used 111169K [0x0000000780000000, 0x0000000800000000)
  region size 1024K, 7 young (7168K), 7 survivors (7168K)
 Metaspace       used 130717K, capacity 136028K, committed 136308K, reserved 1167360K
  class space    used 16187K, capacity 18107K, committed 18176K, reserved 1048576K
}
Event: 10738.977 GC heap before
{Heap before GC invocations=148 (full 0):
 garbage-first heap   total 227328K, used 114241K [0x0000000780000000, 0x0000000800000000)
  region size 1024K, 11 young (11264K), 7 survivors (7168K)
 Metaspace       used 130717K, capacity 136028K, committed 136308K, reserved 1167360K
  class space    used 16187K, capacity 18107K, committed 18176K, reserved 1048576K
}
Event: 10739.056 GC heap after
{Heap after GC invocations=149 (full 0):
 garbage-first heap   total 227328K, used 110946K [0x0000000780000000, 0x0000000800000000)
  region size 1024K, 1 young (1024K), 1 survivors (1024K)
 Metaspace       used 130717K, capacity 136028K, committed 136308K, reserved 1167360K
  class space    used 16187K, capacity 18107K, committed 18176K, reserved 1048576K
}
Event: 10739.107 GC heap before
{Heap before GC invocations=149 (full 0):
 garbage-first heap   total 227328K, used 111970K [0x0000000780000000, 0x0000000800000000)
  region size 1024K, 3 young (3072K), 1 survivors (1024K)
 Metaspace       used 130718K, capacity 136028K, committed 136308K, reserved 1167360K
  class space    used 16187K, capacity 18107K, committed 18176K, reserved 1048576K
}
Event: 10739.148 GC heap after
{Heap after GC invocations=150 (full 0):
 garbage-first heap   total 227328K, used 110459K [0x0000000780000000, 0x0000000800000000)
  region size 1024K, 1 young (1024K), 1 survivors (1024K)
 Metaspace       used 130718K, capacity 136028K, committed 136308K, reserved 1167360K
  class space    used 16187K, capacity 18107K, committed 18176K, reserved 1048576K
}

